#
# A fatal error has been detected by the Java Runtime Environment:
#
#  Internal Error (os_windows_x86.cpp:114), pid=1304, tid=564
#  Error: guarantee(result == -1,"Unexpected result from topLevelExceptionFilter")
#
# JRE version: 6.0_17-b04
# Java VM: Java HotSpot(TM) 64-Bit Server VM (14.3-b01 mixed mode windows-amd64 )
# If you would like to submit a bug report, please visit:
#   http://java.sun.com/webapps/bugreport/crash.jsp
# The crash happened outside the Java Virtual Machine in native code.
# See problematic frame for where to report the bug.
#

---------------  T H R E A D  ---------------

Current thread (0x0000000007dbd800):  JavaThread "main" [_thread_in_native, id=564, stack(0x0000000000a50000,0x0000000004a50000)]

Stack: [0x0000000000a50000,0x0000000004a50000]
[error occurred during error reporting (printing stack bounds), id 0xc0000005]

Java frames: (J=compiled Java code, j=interpreted, Vv=VM code)
j  com.mathworks.jmi.NativeMatlab.ProcessPendingEvents()Z+0
j  com.mathworks.jmi.NativeMatlab.processPendingEvents()Z+8
j  com.mathworks.jmi.Matlab$ProcessPendingEvents.callBooleanMethod(Ljava/lang/Object;)Z+0
j  com.mathworks.util.FactoryUtils.processPendingEvents()Z+12
j  com.mathworks.widgets.desk.Desktop.canClose()Z+38
j  com.mathworks.mde.desk.MLDesktop.canClose()Z+113
j  com.mathworks.mde.desk.MLDesktop$2.call()Ljava/lang/Boolean;+4
j  com.mathworks.mde.desk.MLDesktop$2.call()Ljava/lang/Object;+1
j  com.mathworks.jmi.Matlab.isOkToExit()Z+54
v  ~StubRoutines::call_stub
j  com.mathworks.jmi.NativeMatlab.SendMatlabMessage(Ljava/lang/Object;)Ljava/lang/Object;+0
j  com.mathworks.jmi.NativeMatlab.sendMatlabMessage(Ljava/lang/Object;)Ljava/lang/Object;+22
j  com.mathworks.jmi.MatlabLooper.sendMatlabMessage(Lcom/mathworks/services/message/MWMessage;)Ljava/lang/Object;+20
j  com.mathworks.jmi.Matlab.mtFevalConsoleOutput(Ljava/lang/String;[Ljava/lang/Object;I)Ljava/lang/Object;+58
j  com.mathworks.mde.desk.MLDesktop$9.run()V+14
j  com.mathworks.jmi.NativeMatlab.dispatchMTRequests(Z)V+57
v  ~StubRoutines::call_stub

---------------  P R O C E S S  ---------------

Java Threads: ( => current thread )
  0x000000000e08c800 JavaThread "Thread-503" [_thread_in_native, id=7984, stack(0x00000000156c0000,0x0000000015740000)]
  0x000000000e095000 JavaThread "Foxtrot Single Worker Thread #1" daemon [_thread_blocked, id=4784, stack(0x0000000015840000,0x00000000158c0000)]
  0x000000000e090000 JavaThread "AddressBar directory emptiness poller" [_thread_blocked, id=2404, stack(0x00000000157c0000,0x0000000015840000)]
  0x000000000e093000 JavaThread "Timer queue for AWT thread" daemon [_thread_blocked, id=2548, stack(0x0000000015740000,0x00000000157c0000)]
  0x000000000e08d000 JavaThread "Timer-InstrumentReadWritePoll" [_thread_blocked, id=5352, stack(0x00000000197c0000,0x0000000019840000)]
  0x000000000e08b800 JavaThread "Active Reference Queue Daemon" daemon [_thread_blocked, id=4364, stack(0x00000000155c0000,0x0000000015640000)]
  0x000000000e08e800 JavaThread "Timer-42" daemon [_thread_blocked, id=5544, stack(0x0000000015540000,0x00000000155c0000)]
  0x000000000e08b000 JavaThread "Prefs Updater" daemon [_thread_blocked, id=5008, stack(0x00000000154b0000,0x0000000015530000)]
  0x000000000e08d800 JavaThread "Timer-10" daemon [_thread_blocked, id=2720, stack(0x0000000072be0000,0x0000000072c60000)]
  0x000000000f05c800 JavaThread "Explorer NavigationContext request queue" [_thread_blocked, id=2656, stack(0x000000005b610000,0x000000005b690000)]
  0x000000000f05e800 JavaThread "AddressBar directory emptiness poller" [_thread_blocked, id=1064, stack(0x000000005b400000,0x000000005b480000)]
  0x000000000f05c000 JavaThread "Timer-1" [_thread_blocked, id=2936, stack(0x000000005b300000,0x000000005b380000)]
  0x000000000f05b000 JavaThread "TimerQueue" daemon [_thread_blocked, id=720, stack(0x0000000058a90000,0x0000000058b10000)]
  0x000000000f05a800 JavaThread "AWT-EventQueue-0" [_thread_blocked, id=3352, stack(0x0000000058a10000,0x0000000058a90000)]
  0x000000000f059000 JavaThread "AWT-Shutdown" [_thread_blocked, id=3580, stack(0x0000000008820000,0x00000000088a0000)]
  0x000000000f059800 JavaThread "FelixPackageAdmin" daemon [_thread_blocked, id=3696, stack(0x0000000058c10000,0x0000000058c90000)]
  0x000000000eea9800 JavaThread "FelixStartLevel" daemon [_thread_blocked, id=4024, stack(0x0000000058b90000,0x0000000058c10000)]
  0x000000000f141800 JavaThread "FelixDispatchQueue" daemon [_thread_blocked, id=4008, stack(0x0000000058b10000,0x0000000058b90000)]
  0x000000000edc4800 JavaThread "com.google.common.base.internal.Finalizer" daemon [_thread_blocked, id=828, stack(0x0000000058990000,0x0000000058a10000)]
  0x000000000e23b800 JavaThread "AWT-Windows" daemon [_thread_in_native, id=3200, stack(0x00000000088a0000,0x0000000008920000)]
  0x000000000edb1800 JavaThread "Java2D Disposer" daemon [_thread_blocked, id=3360, stack(0x00000000087a0000,0x0000000008820000)]
  0x000000000ea72800 JavaThread "Timer-0" [_thread_blocked, id=3404, stack(0x00000000086f0000,0x0000000008770000)]
  0x000000000e92a000 JavaThread "EventMgr Dispatcher" daemon [_thread_in_native, id=2240, stack(0x0000000010e50000,0x0000000014e50000)]
  0x00000000083a8000 JavaThread "Low Memory Detector" daemon [_thread_blocked, id=2564, stack(0x0000000008670000,0x00000000086f0000)]
  0x00000000083a3800 JavaThread "CompilerThread1" daemon [_thread_blocked, id=3968, stack(0x0000000062be0000,0x0000000066be0000)]
  0x0000000007ead000 JavaThread "CompilerThread0" daemon [_thread_blocked, id=2436, stack(0x000000005ebe0000,0x0000000062be0000)]
  0x00000000083a0000 JavaThread "Attach Listener" daemon [_thread_blocked, id=3736, stack(0x00000000085f0000,0x0000000008670000)]
  0x0000000008373800 JavaThread "Finalizer" daemon [_thread_blocked, id=1164, stack(0x0000000008570000,0x00000000085f0000)]
  0x0000000007e97800 JavaThread "Reference Handler" daemon [_thread_blocked, id=572, stack(0x00000000084f0000,0x0000000008570000)]
=>0x0000000007dbd800 JavaThread "main" [_thread_in_native, id=564, stack(0x0000000000a50000,0x0000000004a50000)]

Other Threads:
  0x0000000008371800 VMThread [stack: 0x0000000054250000,0x0000000058250000] [id=2528]
  0x00000000083d6800 WatcherThread [stack: 0x0000000066be0000,0x000000006abe0000] [id=3240]

VM state:not at safepoint (normal execution)

VM Mutex/Monitor currently owned by a thread: None

Heap
 PSYoungGen      total 14400K, used 12671K [0x0000000041150000, 0x0000000042170000, 0x0000000044250000)
  eden space 12544K, 90% used [0x0000000041150000,0x0000000041c64b90,0x0000000041d90000)
  from space 1856K, 71% used [0x0000000041fa0000,0x00000000420eb460,0x0000000042170000)
  to   space 1984K, 0% used [0x0000000041d90000,0x0000000041d90000,0x0000000041f80000)
 PSOldGen        total 94656K, used 88800K [0x0000000037e50000, 0x000000003dac0000, 0x0000000041150000)
  object space 94656K, 93% used [0x0000000037e50000,0x000000003d5081b8,0x000000003dac0000)
 PSPermGen       total 107904K, used 71421K [0x000000002fe50000, 0x00000000367b0000, 0x0000000037e50000)
  object space 107904K, 66% used [0x000000002fe50000,0x000000003440f5b0,0x00000000367b0000)

Dynamic libraries:
0x00007ff6b79b0000 - 0x00007ff6b79e2000 	C:\Program Files\MATLAB\R2012a\bin\win64\MATLAB.exe
0x00007fff81930000 - 0x00007fff81ada000 	C:\WINDOWS\SYSTEM32\ntdll.dll
0x00007fff81750000 - 0x00007fff8188a000 	C:\WINDOWS\system32\KERNEL32.DLL
0x00007fff7f000000 - 0x00007fff7f10f000 	C:\WINDOWS\system32\KERNELBASE.dll
0x0000000074460000 - 0x0000000074554000 	C:\Program Files\MATLAB\R2012a\bin\win64\libut.dll
0x0000000073f70000 - 0x00000000740ad000 	C:\Program Files\MATLAB\R2012a\bin\win64\libmwfl.dll
0x000000007bed0000 - 0x000000007c183000 	C:\Program Files\MATLAB\R2012a\bin\win64\libmwservices.dll
0x0000000074970000 - 0x0000000074b06000 	C:\Program Files\MATLAB\R2012a\bin\win64\mcr.dll
0x00000000758a0000 - 0x0000000075952000 	C:\Program Files\MATLAB\R2012a\bin\win64\libmwi18n.dll
0x000000005eb00000 - 0x000000005ebd3000 	C:\WINDOWS\WinSxS\amd64_microsoft.vc90.crt_1fc8b3b9a1e18e3b_9.0.30729.8387_none_08e793bfa83a89b5\MSVCP90.dll
0x000000005ea50000 - 0x000000005eaf3000 	C:\WINDOWS\WinSxS\amd64_microsoft.vc90.crt_1fc8b3b9a1e18e3b_9.0.30729.8387_none_08e793bfa83a89b5\MSVCR90.dll
0x000000007a560000 - 0x000000007a569000 	C:\Program Files\MATLAB\R2012a\bin\win64\boost_system-vc90-mt-1_44.dll
0x000000007a2d0000 - 0x000000007a2e2000 	C:\Program Files\MATLAB\R2012a\bin\win64\boost_thread-vc90-mt-1_44.dll
0x000000005e8d0000 - 0x000000005ea41000 	C:\Program Files\MATLAB\R2012a\bin\win64\icuuc44.dll
0x000000005e8b0000 - 0x000000005e8c3000 	C:\Program Files\MATLAB\R2012a\bin\win64\icuio44.dll
0x0000000180000000 - 0x0000000180046000 	C:\Program Files\MATLAB\R2012a\bin\win64\tbb.dll
0x00007fff80ba0000 - 0x00007fff80ba7000 	C:\WINDOWS\system32\PSAPI.DLL
0x00007fff6b110000 - 0x00007fff6b298000 	C:\WINDOWS\SYSTEM32\dbghelp.dll
0x00007fff81070000 - 0x00007fff81115000 	C:\WINDOWS\system32\ADVAPI32.dll
0x00007fff80ef0000 - 0x00007fff81061000 	C:\WINDOWS\system32\USER32.dll
0x0000000004b30000 - 0x0000000004b3b000 	C:\Program Files\MATLAB\R2012a\bin\win64\libmwresource_core.dll
0x0000000004d30000 - 0x0000000005026000 	C:\Program Files\MATLAB\R2012a\bin\win64\libmwMATLAB_res.dll
0x000000007a3b0000 - 0x000000007a3c0000 	C:\Program Files\MATLAB\R2012a\bin\win64\boost_date_time-vc90-mt-1_44.dll
0x000000007a170000 - 0x000000007a19c000 	C:\Program Files\MATLAB\R2012a\bin\win64\boost_filesystem-vc90-mt-1_44.dll
0x000000007a250000 - 0x000000007a263000 	C:\Program Files\MATLAB\R2012a\bin\win64\boost_signals-vc90-mt-1_44.dll
0x00007fff80d00000 - 0x00007fff80d15000 	C:\WINDOWS\system32\imagehlp.dll
0x0000000075a20000 - 0x0000000075ae2000 	C:\Program Files\MATLAB\R2012a\bin\win64\libmx.dll
0x0000000004b50000 - 0x0000000004b71000 	C:\Program Files\MATLAB\R2012a\bin\win64\libmwmfl_scalar.dll
0x0000000075f10000 - 0x0000000075f5d000 	C:\Program Files\MATLAB\R2012a\bin\win64\mpath.dll
0x000000007b680000 - 0x000000007bbe1000 	C:\Program Files\MATLAB\R2012a\bin\win64\mlutil.dll
0x0000000004b80000 - 0x0000000004b9a000 	C:\Program Files\MATLAB\R2012a\bin\win64\libmwMATLAB_settings_res.dll
0x0000000004ba0000 - 0x0000000004be7000 	C:\Program Files\MATLAB\R2012a\bin\win64\boost_serialization-vc90-mt-1_44.dll
0x00007fff7ed70000 - 0x00007fff7ee11000 	C:\WINDOWS\WinSxS\amd64_microsoft.windows.common-controls_6595b64144ccf1df_5.82.9600.16384_none_34a8918f959016ea\COMCTL32.dll
0x00007fff81890000 - 0x00007fff8192a000 	C:\WINDOWS\system32\COMDLG32.dll
0x00007fff797f0000 - 0x00007fff79805000 	C:\WINDOWS\SYSTEM32\NETAPI32.dll
0x00007fff81120000 - 0x00007fff81178000 	C:\WINDOWS\system32\WS2_32.dll
0x00007fff7f770000 - 0x00007fff80b90000 	C:\WINDOWS\system32\SHELL32.dll
0x00007fff7f1b0000 - 0x00007fff7f328000 	C:\WINDOWS\system32\ole32.dll
0x00007fff80d80000 - 0x00007fff80e37000 	C:\WINDOWS\system32\OLEAUT32.dll
0x0000000075000000 - 0x000000007536b000 	C:\Program Files\MATLAB\R2012a\bin\win64\iqm.dll
0x0000000079fb0000 - 0x0000000079fe7000 	C:\Program Files\MATLAB\R2012a\bin\win64\libmwbridge.dll
0x000000005e880000 - 0x000000005e8a5000 	C:\Program Files\MATLAB\R2012a\bin\win64\libmex.dll
0x000000005e7c0000 - 0x000000005e873000 	C:\Program Files\MATLAB\R2012a\bin\win64\m_dispatcher.dll
0x000000005e540000 - 0x000000005e7b9000 	C:\Program Files\MATLAB\R2012a\bin\win64\mcos.dll
0x000000005e3e0000 - 0x000000005e532000 	C:\Program Files\MATLAB\R2012a\bin\win64\libmwgui.dll
0x000000005da30000 - 0x000000005e3d3000 	C:\Program Files\MATLAB\R2012a\bin\win64\hg.dll
0x000000005d930000 - 0x000000005da2d000 	C:\Program Files\MATLAB\R2012a\bin\win64\hgutils.dll
0x000000005d100000 - 0x000000005d921000 	C:\Program Files\MATLAB\R2012a\bin\win64\m_interpreter.dll
0x0000000075710000 - 0x00000000757c1000 	C:\Program Files\MATLAB\R2012a\bin\win64\jmi.dll
0x000000005d040000 - 0x000000005d0fd000 	C:\Program Files\MATLAB\R2012a\bin\win64\udd_mi.dll
0x0000000005030000 - 0x00000000052fa000 	C:\Program Files\MATLAB\R2012a\bin\win64\uiw.dll
0x000000005d020000 - 0x000000005d040000 	C:\Program Files\MATLAB\R2012a\bin\win64\mwoles05.DLL
0x000000005cfa0000 - 0x000000005d01c000 	C:\Program Files\MATLAB\R2012a\bin\win64\comcli.dll
0x000000005cf90000 - 0x000000005cf9c000 	C:\Program Files\MATLAB\R2012a\bin\win64\mlautoregister.dll
0x0000000004c00000 - 0x0000000004c10000 	C:\Program Files\MATLAB\R2012a\bin\win64\boost_iostreams-vc90-mt-1_44.dll
0x00007fff80bb0000 - 0x00007fff80cf4000 	C:\WINDOWS\system32\GDI32.dll
0x000000007a010000 - 0x000000007a035000 	C:\Program Files\MATLAB\R2012a\bin\win64\LIBEXPAT.dll
0x000000005cd90000 - 0x000000005cf81000 	C:\Program Files\MATLAB\R2012a\bin\win64\icuin44.dll
0x0000000010000000 - 0x0000000010e41000 	C:\Program Files\MATLAB\R2012a\bin\win64\icudt44.dll
0x00007fff812c0000 - 0x00007fff81367000 	C:\WINDOWS\system32\msvcrt.dll
0x00007fff7f4d0000 - 0x00007fff7f527000 	C:\WINDOWS\SYSTEM32\sechost.dll
0x00007fff7f330000 - 0x00007fff7f467000 	C:\WINDOWS\system32\RPCRT4.dll
0x000000007a210000 - 0x000000007a228000 	C:\Program Files\MATLAB\R2012a\bin\win64\zlib1.dll
0x000000005cd10000 - 0x000000005cd8f000 	C:\Program Files\MATLAB\R2012a\bin\win64\xmlcore.dll
0x000000007bc30000 - 0x000000007be83000 	C:\Program Files\MATLAB\R2012a\bin\win64\xerces-c_2_7.dll
0x00007fff7f470000 - 0x00007fff7f4c1000 	C:\WINDOWS\system32\SHLWAPI.dll
0x00007fff7df50000 - 0x00007fff7df5c000 	C:\WINDOWS\SYSTEM32\netutils.dll
0x00007fff7e980000 - 0x00007fff7e9a5000 	C:\WINDOWS\SYSTEM32\srvcli.dll
0x00007fff79340000 - 0x00007fff79356000 	C:\WINDOWS\SYSTEM32\wkscli.dll
0x00007fff81730000 - 0x00007fff81739000 	C:\WINDOWS\system32\NSI.dll
0x00007fff81550000 - 0x00007fff81726000 	C:\WINDOWS\SYSTEM32\combase.dll
0x000000005cc40000 - 0x000000005cd08000 	C:\Program Files\MATLAB\R2012a\bin\win64\udd.dll
0x0000000074880000 - 0x000000007496d000 	C:\Program Files\MATLAB\R2012a\bin\win64\boost_regex-vc90-mt-1_44.dll
0x000000005cc20000 - 0x000000005cc37000 	C:\Program Files\MATLAB\R2012a\bin\win64\graphics_util.dll
0x0000000076100000 - 0x0000000076167000 	C:\Program Files\MATLAB\R2012a\bin\win64\libmat.dll
0x000000005cbd0000 - 0x000000005cc12000 	C:\Program Files\MATLAB\R2012a\bin\win64\libmwhardcopy.dll
0x000000005cb70000 - 0x000000005cbca000 	C:\Program Files\MATLAB\R2012a\bin\win64\libuij.dll
0x000000005c960000 - 0x000000005cb6c000 	C:\Program Files\MATLAB\R2012a\bin\win64\hgdatatypes.dll
0x000000005c8d0000 - 0x000000005c956000 	C:\Program Files\MATLAB\R2012a\bin\win64\libmwlapack.dll
0x0000000005460000 - 0x000000000549b000 	C:\Program Files\MATLAB\R2012a\bin\win64\libmwgbtutils.dll
0x00000000054a0000 - 0x00000000054b9000 	C:\Program Files\MATLAB\R2012a\bin\win64\libmwgbt.dll
0x000000005c3e0000 - 0x000000005c8c4000 	C:\WINDOWS\WinSxS\amd64_microsoft.vc90.mfc_1fc8b3b9a1e18e3b_9.0.30729.6161_none_044aad0bab1eb146\mfc90.dll
0x00007fff7a3a0000 - 0x00007fff7a41b000 	C:\WINDOWS\SYSTEM32\WINSPOOL.DRV
0x000000005c350000 - 0x000000005c3d4000 	C:\Program Files\MATLAB\R2012a\bin\win64\profiler.dll
0x00000000054e0000 - 0x0000000005735000 	C:\Program Files\MATLAB\R2012a\bin\win64\libmwmathutil.dll
0x0000000079f40000 - 0x0000000079f6d000 	C:\Program Files\MATLAB\R2012a\bin\win64\libmwmathrng.dll
0x000000005c320000 - 0x000000005c341000 	C:\Program Files\MATLAB\R2012a\bin\win64\m_pcodeio.dll
0x0000000079b10000 - 0x0000000079b77000 	C:\Program Files\MATLAB\R2012a\bin\win64\m_ir.dll
0x000000005bcd0000 - 0x000000005c320000 	C:\Program Files\MATLAB\R2012a\bin\win64\m_parser.dll
0x000000005bc90000 - 0x000000005bcc1000 	C:\Program Files\MATLAB\R2012a\bin\win64\m_pcodegen.dll
0x0000000005740000 - 0x00000000057ab000 	C:\Program Files\MATLAB\R2012a\bin\win64\libmwspmatrix.dll
0x00000000057c0000 - 0x00000000057ce000 	C:\Program Files\MATLAB\R2012a\bin\win64\nativejava_services.dll
0x000000005bc80000 - 0x000000005bc8f000 	C:\Program Files\MATLAB\R2012a\bin\win64\uinone.dll
0x00007fff76430000 - 0x00007fff7644b000 	C:\WINDOWS\SYSTEM32\MPR.dll
0x000000005bc50000 - 0x000000005bc7f000 	C:\WINDOWS\WinSxS\amd64_microsoft.vc90.atl_1fc8b3b9a1e18e3b_9.0.30729.6161_none_0a1fd3a3a768b895\ATL90.DLL
0x0000000072d30000 - 0x0000000072f44000 	C:\Program Files\MATLAB\R2012a\bin\win64\hdf5dll.dll
0x000000005bc30000 - 0x000000005bc42000 	C:\Program Files\MATLAB\R2012a\bin\win64\libmwbinder.dll
0x000000005bc20000 - 0x000000005bc2b000 	C:\Program Files\MATLAB\R2012a\bin\win64\libmwompwrapper.dll
0x00007fff7b4c0000 - 0x00007fff7b4c7000 	C:\WINDOWS\SYSTEM32\MSIMG32.dll
0x0000000074c10000 - 0x0000000074ced000 	C:\Program Files\MATLAB\R2012a\bin\win64\libmwmathcore.dll
0x000000005bc00000 - 0x000000005bc1a000 	C:\Program Files\MATLAB\R2012a\bin\win64\ir_xfmr.dll
0x000000005bbf0000 - 0x000000005bbfc000 	C:\Program Files\MATLAB\R2012a\bin\win64\mtok.dll
0x00007fff7d2e0000 - 0x00007fff7d37f000 	C:\WINDOWS\SYSTEM32\SHCORE.DLL
0x0000000075ea0000 - 0x0000000075f02000 	C:\Program Files\MATLAB\R2012a\bin\win64\libmwcholmod.dll
0x000000007a460000 - 0x000000007a46d000 	C:\Program Files\MATLAB\R2012a\bin\win64\libmwamd.dll
0x000000007a4b0000 - 0x000000007a4bc000 	C:\Program Files\MATLAB\R2012a\bin\win64\libmwcolamd.dll
0x000000005bbd0000 - 0x000000005bbe9000 	C:\Program Files\MATLAB\R2012a\bin\win64\libmwblas.dll
0x00007fff7f730000 - 0x00007fff7f764000 	C:\WINDOWS\system32\IMM32.DLL
0x00007fff81180000 - 0x00007fff812b9000 	C:\WINDOWS\system32\MSCTF.dll
0x00007fff7d9f0000 - 0x00007fff7db11000 	C:\WINDOWS\system32\UxTheme.dll
0x00007fff7d110000 - 0x00007fff7d130000 	C:\WINDOWS\system32\dwmapi.dll
0x000000005bbc0000 - 0x000000005bbcd000 	C:\WINDOWS\WinSxS\amd64_microsoft.vc90.mfcloc_1fc8b3b9a1e18e3b_9.0.30729.6161_none_01c9581e60cbee58\MFC90ENU.DLL
0x0000000005b40000 - 0x0000000005b69000 	C:\Program Files\MATLAB\R2012a\bin\win64\tbbmalloc.dll
0x0000000078870000 - 0x0000000078ecd000 	C:\Program Files\MATLAB\R2012a\sys\java\jre\win64\jre\bin\server\jvm.dll
0x00007fff7b4d0000 - 0x00007fff7b4ef000 	C:\WINDOWS\SYSTEM32\WINMM.dll
0x00007fff7b490000 - 0x00007fff7b4ba000 	C:\WINDOWS\SYSTEM32\WINMMBASE.dll
0x00007fff7f110000 - 0x00007fff7f15a000 	C:\WINDOWS\SYSTEM32\cfgmgr32.dll
0x00007fff7db20000 - 0x00007fff7db46000 	C:\WINDOWS\SYSTEM32\DEVOBJ.dll
0x00007fff7eca0000 - 0x00007fff7ecb4000 	C:\WINDOWS\SYSTEM32\profapi.dll
0x00007fff78ee0000 - 0x00007fff78f09000 	C:\WINDOWS\SYSTEM32\iphlpapi.dll
0x00007fff79430000 - 0x00007fff7943a000 	C:\WINDOWS\SYSTEM32\WINNSI.DLL
0x00007fff7e310000 - 0x00007fff7e3b3000 	C:\WINDOWS\SYSTEM32\DNSAPI.dll
0x00007fff78a20000 - 0x00007fff78a34000 	C:\WINDOWS\SYSTEM32\dhcpcsvc6.DLL
0x00007fff78c70000 - 0x00007fff78c89000 	C:\WINDOWS\SYSTEM32\dhcpcsvc.DLL
0x00007fff7a610000 - 0x00007fff7a613000 	C:\WINDOWS\SYSTEM32\icmp.Dll
0x00007fff7db90000 - 0x00007fff7db9a000 	C:\WINDOWS\SYSTEM32\kernel.appcore.dll
0x00007fff7ebe0000 - 0x00007fff7ebea000 	C:\WINDOWS\SYSTEM32\CRYPTBASE.dll
0x00007fff7eb80000 - 0x00007fff7ebe0000 	C:\WINDOWS\SYSTEM32\bcryptPrimitives.dll

VM Arguments:
jvm_args: -Xss512k -XX:PermSize=32m -Xms64m -XX:NewRatio=3 -XX:MaxPermSize=128m -Xmx196m -XX:MaxDirectMemorySize=2147400000 -Dsun.java2d.noddraw=true -Dsun.awt.nopixfmt=true -Xshare:off -Xrs -Dsun.awt.disableMixing=true -Djava.library.path=C:\Program Files\MATLAB\R2012a\bin\win64 vfprintf abort 
java_command: <unknown>
Launcher Type: generic

Environment Variables:
CLASSPATH=C:\Program Files\OpenNI\Bin64\org.OpenNI.jar
PATH=
[error occurred during error reporting (printing environment variables), id 0xc0000005]



---------------  S Y S T E M  ---------------

OS: Windows NT 6.2 Build 9200 

CPU:total 4 (4 cores per cpu, 1 threads per core) family 6 model 23 stepping 7, cmov, cx8, fxsr, mmx, sse, sse2, sse3, ssse3, sse4.1

Memory: 4k page, physical 8387060k(6356808k free), swap 9697780k(7245236k free)

vm_info: Java HotSpot(TM) 64-Bit Server VM (14.3-b01) for windows-amd64 JRE (1.6.0_17-b04), built on Oct 11 2009 00:46:08 by "java_re" with MS VC++ 8.0

time: Sun Aug 31 02:15:01 2014
elapsed time: 7457 seconds

